<?xml version="1.0" encoding="UTF-8"?>
<testng-results ignored="0" total="3" passed="2" failed="1" skipped="0">
  <reporter-output>
  </reporter-output>
  <suite started-at="2020-08-28T11:40:32 CDT" name="Default suite" finished-at="2020-08-28T11:40:32 CDT" duration-ms="46">
    <groups>
      <group name="Alternative">
        <method signature="FirstTest.actionsInside()[pri:2, instance:com.testng.test.FirstTest@f2ff811]" name="actionsInside" class="com.testng.test.FirstTest"/>
      </group> <!-- Alternative -->
      <group name="Exceptional">
        <method signature="FirstTest.logout()[pri:3, instance:com.testng.test.FirstTest@f2ff811]" name="logout" class="com.testng.test.FirstTest"/>
      </group> <!-- Exceptional -->
      <group name="HappyPath">
        <method signature="FirstTest.login()[pri:1, instance:com.testng.test.FirstTest@f2ff811]" name="login" class="com.testng.test.FirstTest"/>
      </group> <!-- HappyPath -->
    </groups>
    <test started-at="2020-08-28T11:40:32 CDT" name="Default test" finished-at="2020-08-28T11:40:32 CDT" duration-ms="46">
      <class name="com.testng.test.FirstTest">
        <test-method is-config="true" signature="executeBeforeSuite()[pri:0, instance:com.testng.test.FirstTest@f2ff811]" started-at="2020-08-28T11:40:32 CDT" name="executeBeforeSuite" finished-at="2020-08-28T11:40:32 CDT" duration-ms="7" status="PASS">
          <reporter-output>
          </reporter-output>
        </test-method> <!-- executeBeforeSuite -->
        <test-method is-config="true" signature="openBrowser()[pri:0, instance:com.testng.test.FirstTest@f2ff811]" started-at="2020-08-28T11:40:32 CDT" name="openBrowser" finished-at="2020-08-28T11:40:32 CDT" duration-ms="0" status="PASS">
          <reporter-output>
          </reporter-output>
        </test-method> <!-- openBrowser -->
        <test-method signature="login()[pri:1, instance:com.testng.test.FirstTest@f2ff811]" started-at="2020-08-28T11:40:32 CDT" name="login" finished-at="2020-08-28T11:40:32 CDT" duration-ms="7" status="PASS">
          <reporter-output>
          </reporter-output>
        </test-method> <!-- login -->
        <test-method signature="actionsInside()[pri:2, instance:com.testng.test.FirstTest@f2ff811]" started-at="2020-08-28T11:40:32 CDT" name="actionsInside" finished-at="2020-08-28T11:40:32 CDT" duration-ms="3" status="FAIL">
          <exception class="java.lang.AssertionError">
            <message>
              <![CDATA[The following asserts failed:
expected [true] but found [false]]]>
            </message>
            <full-stacktrace>
              <![CDATA[java.lang.AssertionError: The following asserts failed:
expected [true] but found [false]
at org.testng.asserts.SoftAssert.assertAll(SoftAssert.java:47)
at org.testng.asserts.SoftAssert.assertAll(SoftAssert.java:31)
at com.testng.test.FirstTest.actionsInside(FirstTest.java:49)
at java.base/jdk.internal.reflect.NativeMethodAccessorImpl.invoke0(Native Method)
at java.base/jdk.internal.reflect.NativeMethodAccessorImpl.invoke(NativeMethodAccessorImpl.java:62)
at java.base/jdk.internal.reflect.DelegatingMethodAccessorImpl.invoke(DelegatingMethodAccessorImpl.java:43)
at java.base/java.lang.reflect.Method.invoke(Method.java:566)
at org.testng.internal.MethodInvocationHelper.invokeMethod(MethodInvocationHelper.java:132)
at org.testng.internal.TestInvoker.invokeMethod(TestInvoker.java:599)
at org.testng.internal.TestInvoker.invokeTestMethod(TestInvoker.java:174)
at org.testng.internal.MethodRunner.runInSequence(MethodRunner.java:46)
at org.testng.internal.TestInvoker$MethodInvocationAgent.invoke(TestInvoker.java:822)
at org.testng.internal.TestInvoker.invokeTestMethods(TestInvoker.java:147)
at org.testng.internal.TestMethodWorker.invokeTestMethods(TestMethodWorker.java:146)
at org.testng.internal.TestMethodWorker.run(TestMethodWorker.java:128)
at java.base/java.util.ArrayList.forEach(ArrayList.java:1541)
at org.testng.TestRunner.privateRun(TestRunner.java:764)
at org.testng.TestRunner.run(TestRunner.java:585)
at org.testng.SuiteRunner.runTest(SuiteRunner.java:384)
at org.testng.SuiteRunner.runSequentially(SuiteRunner.java:378)
at org.testng.SuiteRunner.privateRun(SuiteRunner.java:337)
at org.testng.SuiteRunner.run(SuiteRunner.java:286)
at org.testng.SuiteRunnerWorker.runSuite(SuiteRunnerWorker.java:53)
at org.testng.SuiteRunnerWorker.run(SuiteRunnerWorker.java:96)
at org.testng.TestNG.runSuitesSequentially(TestNG.java:1218)
at org.testng.TestNG.runSuitesLocally(TestNG.java:1140)
at org.testng.TestNG.runSuites(TestNG.java:1069)
at org.testng.TestNG.run(TestNG.java:1037)
at org.testng.remote.AbstractRemoteTestNG.run(AbstractRemoteTestNG.java:115)
at org.testng.remote.RemoteTestNG.initAndRun(RemoteTestNG.java:251)
at org.testng.remote.RemoteTestNG.main(RemoteTestNG.java:77)
]]>
            </full-stacktrace>
          </exception> <!-- java.lang.AssertionError -->
          <reporter-output>
          </reporter-output>
        </test-method> <!-- actionsInside -->
        <test-method signature="logout()[pri:3, instance:com.testng.test.FirstTest@f2ff811]" started-at="2020-08-28T11:40:32 CDT" name="logout" finished-at="2020-08-28T11:40:32 CDT" duration-ms="1" status="PASS">
          <reporter-output>
          </reporter-output>
        </test-method> <!-- logout -->
        <test-method is-config="true" signature="closeBrowser()[pri:0, instance:com.testng.test.FirstTest@f2ff811]" started-at="2020-08-28T11:40:32 CDT" name="closeBrowser" finished-at="2020-08-28T11:40:32 CDT" duration-ms="1" status="PASS">
          <reporter-output>
          </reporter-output>
        </test-method> <!-- closeBrowser -->
        <test-method is-config="true" signature="executeAfterSuite()[pri:0, instance:com.testng.test.FirstTest@f2ff811]" started-at="2020-08-28T11:40:32 CDT" name="executeAfterSuite" finished-at="2020-08-28T11:40:32 CDT" duration-ms="0" status="PASS">
          <reporter-output>
          </reporter-output>
        </test-method> <!-- executeAfterSuite -->
      </class> <!-- com.testng.test.FirstTest -->
    </test> <!-- Default test -->
  </suite> <!-- Default suite -->
</testng-results>
